<test-run id="2" testcasecount="0" result="Passed" start-time="2023-08-13 15:52:22.331948" end-time="2023-08-13 15:52:36.492289" duration="14" total="0" passed="0" failed="0" inconclusive="0" skipped="0" asserts="0" clr-version="3.10.8 (tags/v3.10.8:aaaf517, Oct 11 2022, 16:50:30) [MSC v.1933 64 bit (AMD64)]" engine-version="3.6.2"><command-line>C:\Users\adam.montgomerie\AppData\Local\Programs\Python\Python310\Scripts\pytest .</command-line><filter><test re="0">.</test></filter></test-run>